<?xml version="1.0" encoding="UTF-8"?>
<coverage generated="1657493092440" clover="3.2.0">
  <project timestamp="1657493092440" name="All files">
    <metrics statements="10" coveredstatements="7" conditionals="8" coveredconditionals="5" methods="1" coveredmethods="1" elements="19" coveredelements="13" complexity="0" loc="10" ncloc="10" packages="1" files="1" classes="1"/>
    <file name="loginPage.js" path="/Users/weiyan/Desktop/COSC_4353/COSC4353_assignment-1/loginPage.js">
      <metrics statements="10" coveredstatements="7" conditionals="8" coveredconditionals="5" methods="1" coveredmethods="1"/>
      <line num="2" count="1" type="stmt"/>
      <line num="3" count="1" type="cond" truecount="3" falsecount="1"/>
      <line num="4" count="0" type="stmt"/>
      <line num="6" count="1" type="cond" truecount="2" falsecount="2"/>
      <line num="7" count="1" type="stmt"/>
      <line num="10" count="0" type="stmt"/>
      <line num="11" count="0" type="stmt"/>
      <line num="13" count="1" type="stmt"/>
      <line num="14" count="1" type="stmt"/>
      <line num="21" count="1" type="stmt"/>
    </file>
  </project>
</coverage>
