{"/Users/weiyan/Desktop/COSC_4353/COSC4353_assignment-1/loginPage.js": {"path":"/Users/weiyan/Desktop/COSC_4353/COSC4353_assignment-1/loginPage.js","statementMap":{"0":{"start":{"line":2,"column":19},"end":{"line":2,"column":37}},"1":{"start":{"line":3,"column":4},"end":{"line":12,"column":5}},"2":{"start":{"line":4,"column":8},"end":{"line":4,"column":43}},"3":{"start":{"line":6,"column":9},"end":{"line":12,"column":5}},"4":{"start":{"line":7,"column":8},"end":{"line":7,"column":78}},"5":{"start":{"line":10,"column":8},"end":{"line":10,"column":42}},"6":{"start":{"line":11,"column":8},"end":{"line":11,"column":21}},"7":{"start":{"line":13,"column":4},"end":{"line":13,"column":23}},"8":{"start":{"line":14,"column":4},"end":{"line":14,"column":18}},"9":{"start":{"line":21,"column":0},"end":{"line":21,"column":26}}},"fnMap":{"0":{"name":"checkUser","decl":{"start":{"line":1,"column":9},"end":{"line":1,"column":18}},"loc":{"start":{"line":1,"column":38},"end":{"line":15,"column":1}},"line":1}},"branchMap":{"0":{"loc":{"start":{"line":3,"column":4},"end":{"line":12,"column":5}},"type":"if","locations":[{"start":{"line":3,"column":4},"end":{"line":12,"column":5}},{"start":{"line":6,"column":9},"end":{"line":12,"column":5}}],"line":3},"1":{"loc":{"start":{"line":3,"column":8},"end":{"line":3,"column":40}},"type":"binary-expr","locations":[{"start":{"line":3,"column":8},"end":{"line":3,"column":22}},{"start":{"line":3,"column":26},"end":{"line":3,"column":40}}],"line":3},"2":{"loc":{"start":{"line":6,"column":9},"end":{"line":12,"column":5}},"type":"if","locations":[{"start":{"line":6,"column":9},"end":{"line":12,"column":5}},{"start":{"line":9,"column":8},"end":{"line":12,"column":5}}],"line":6},"3":{"loc":{"start":{"line":6,"column":13},"end":{"line":6,"column":56}},"type":"binary-expr","locations":[{"start":{"line":6,"column":13},"end":{"line":6,"column":33}},{"start":{"line":6,"column":37},"end":{"line":6,"column":56}}],"line":6}},"s":{"0":1,"1":1,"2":0,"3":1,"4":1,"5":0,"6":0,"7":1,"8":1,"9":1},"f":{"0":1},"b":{"0":[0,1],"1":[1,1],"2":[1,0],"3":[1,0]},"_coverageSchema":"1a1c01bbd47fc00a2c39e90264f33305004495a9","hash":"bac156bc5cbf150c10bb44e4b96f398a75431af3"}
}
